vdraw: Note 1138: Pin already connected to net
vdraw: Note 1138: Pin already connected to net
vdraw: Note 1046: Nothing selected
vdraw: Note 1063: No connection point found
vdraw: Error 1093: Both pin points the same
vdraw: Note 1046: Nothing selected
vdraw: Note 1046: Nothing selected
vdraw: Error 5237: c-not1.1 com A: Schematic pin A at (870, 650) is in schematic but not in corresponding symbol.
vdraw: Error 5237: c-not1.1 com QN: Schematic pin QN at (1020, 650) is in schematic but not in corresponding symbol.
vdraw: Note 1063: No connection point found
vdraw: Note 1138: Pin already connected to net
vdraw: Note 1138: Pin already connected to net
vdraw: Note 1138: Pin already connected to net
vdraw: Note 1138: Pin already connected to net
vdraw: Note 1138: Pin already connected to net
vdraw: Note 1138: Pin already connected to net
vdraw: Note 1138: Pin already connected to net
vdraw: Note 1063: No connection point found
vdraw: Error 1093: Both pin points the same
vdraw: Error 1093: Both pin points the same
vdraw: Note 1138: Pin already connected to net
vdraw: Note 1138: Pin already connected to net
vdraw: Note 1138: Pin already connected to net
